<?xml version="1.0" encoding="UTF-8"?>
<!-- Generated by org.testng.reporters.JUnitReportReporter -->
<testsuite hostname="IBM-JKLRR24" failures="0" tests="4" name="activities.Activity3" time="20.725" errors="0" timestamp="2026-06-15T16:38:08 IST" skipped="0">
  <testcase classname="activities.Activity3" name="testPlus" time="4.419"/>
  <testcase classname="activities.Activity3" name="testDiv" time="4.669"/>
  <testcase classname="activities.Activity3" name="testMultiply" time="7.077"/>
  <testcase classname="activities.Activity3" name="testMinus" time="4.560"/>
</testsuite> <!-- activities.Activity3 -->
