<?xml version="1.0" encoding="UTF-8"?>
<!-- Generated by org.testng.reporters.JUnitReportReporter -->
<testsuite hostname="IBM-JKLRR24" failures="0" tests="3" name="project.ProjectActivity1" time="30.418" errors="0" timestamp="2026-06-16T16:11:54 IST" skipped="0">
  <testcase classname="project.ProjectActivity1" name="addTasks" time="9.822"/>
  <testcase classname="project.ProjectActivity1" name="addTasks" time="10.884"/>
  <testcase classname="project.ProjectActivity1" name="addTasks" time="9.712"/>
</testsuite> <!-- project.ProjectActivity1 -->
