<?xml version="1.0" encoding="UTF-8"?>
<testng-results ignored="0" total="1" passed="1" failed="0" skipped="0">
  <reporter-output>
  </reporter-output>
  <suite started-at="2026-06-19T10:08:25 IST" name="Default suite" finished-at="2026-06-19T10:08:29 IST" duration-ms="4645">
    <groups>
    </groups>
    <test started-at="2026-06-19T10:08:25 IST" name="Default test" finished-at="2026-06-19T10:08:29 IST" duration-ms="4645">
      <class name="activities.Activity2">
        <test-method is-config="true" signature="setUp()[pri:0, instance:activities.Activity2@47eaca72]" started-at="2026-06-19T10:08:25 IST" name="setUp" finished-at="2026-06-19T10:08:26 IST" duration-ms="951" status="PASS">
          <reporter-output>
          </reporter-output>
        </test-method> <!-- setUp -->
        <test-method signature="postRequestTest()[pri:1, instance:activities.Activity2@47eaca72]" started-at="2026-06-19T10:08:26 IST" name="postRequestTest" finished-at="2026-06-19T10:08:29 IST" duration-ms="3640" status="PASS">
          <reporter-output>
          </reporter-output>
        </test-method> <!-- postRequestTest -->
      </class> <!-- activities.Activity2 -->
    </test> <!-- Default test -->
  </suite> <!-- Default suite -->
</testng-results>
