<?xml version="1.0" encoding="UTF-8"?>
<testng-results ignored="0" total="1" passed="1" failed="0" skipped="0">
  <reporter-output>
  </reporter-output>
  <suite started-at="2026-06-17T11:19:49 IST" name="Default suite" finished-at="2026-06-17T11:20:04 IST" duration-ms="14342">
    <groups>
    </groups>
    <test started-at="2026-06-17T11:19:49 IST" name="Default test" finished-at="2026-06-17T11:20:04 IST" duration-ms="14342">
      <class name="project.ProjectActivity4">
        <test-method is-config="true" signature="setUp()[pri:0, instance:project.ProjectActivity4@7e07db1f]" started-at="2026-06-17T11:19:49 IST" name="setUp" finished-at="2026-06-17T11:19:57 IST" duration-ms="7112" status="PASS">
          <reporter-output>
          </reporter-output>
        </test-method> <!-- setUp -->
        <test-method signature="openToDoList()[pri:0, instance:project.ProjectActivity4@7e07db1f]" started-at="2026-06-17T11:19:57 IST" name="openToDoList" finished-at="2026-06-17T11:20:02 IST" duration-ms="5633" status="PASS">
          <reporter-output>
          </reporter-output>
        </test-method> <!-- openToDoList -->
        <test-method is-config="true" signature="tearDown()[pri:0, instance:project.ProjectActivity4@7e07db1f]" started-at="2026-06-17T11:20:02 IST" name="tearDown" finished-at="2026-06-17T11:20:04 IST" duration-ms="1524" status="PASS">
          <reporter-output>
          </reporter-output>
        </test-method> <!-- tearDown -->
      </class> <!-- project.ProjectActivity4 -->
    </test> <!-- Default test -->
  </suite> <!-- Default suite -->
</testng-results>
