<?xml version="1.0" encoding="UTF-8"?>
<!-- Generated by org.testng.reporters.JUnitReportReporter -->
<testsuite hostname="IBM-JKLRR24" failures="0" tests="3" name="examples.FirstTest" time="6.782" errors="0" timestamp="2026-06-18T16:19:22 IST" skipped="0">
  <testcase classname="examples.FirstTest" name="postRequestTest" time="4.533"/>
  <testcase classname="examples.FirstTest" name="getRequestWithQueryParameters" time="1.296"/>
  <testcase classname="examples.FirstTest" name="deleteRequestWithParams" time="0.953"/>
</testsuite> <!-- examples.FirstTest -->
